<?xml version="1.0" encoding="UTF-8"?>
<!-- Generated by org.testng.reporters.JUnitReportReporter -->
<testsuite hostname="HPE-5CG32002VF" failures="0" tests="1" name="AB_Maven.AB_Maven.SimpleService" time="0.004" errors="0" timestamp="2024-07-02T15:09:20 PDT" skipped="0">
  <testcase classname="AB_Maven.AB_Maven.SimpleService" name="login" time="0.004"/>
</testsuite> <!-- AB_Maven.AB_Maven.SimpleService -->
