<?xml version="1.0" encoding="UTF-8"?>
<!-- Generated by org.testng.reporters.JUnitReportReporter -->
<testsuite hostname="HPE-5CG32002VF" failures="0" tests="1" name="salesforce_automation.SimpleService" time="5.003" errors="0" timestamp="2024-07-05T20:13:22 PDT" skipped="0">
  <testcase classname="salesforce_automation.SimpleService" name="login" time="5.003"/>
</testsuite> <!-- salesforce_automation.SimpleService -->
